<?xml version="1.0" encoding="UTF-8"?>
<!-- Generated by org.testng.reporters.JUnitXMLReporter -->
<testsuite ignored="0" hostname="DESKTOP-353GF6E" failures="1" tests="3" name="MyTest" time="5.801" errors="0" timestamp="2022-02-19T09:04:59 IST">
  <testcase classname="TestNGPkg.TestNGTestOne" name="TestToFail" time="0.019"/>
  <testcase classname="TestNGPkg.TestNGTestOne" name="TestToPass" time="0.004"/>
  <testcase classname="TestNGPkg.TestNGTestOne" name="f0" time="0.001">
    <failure type="java.lang.NullPointerException" message="Cannot invoke &amp;quot;org.openqa.selenium.WebDriver.manage()&amp;quot; because &amp;quot;this.driver&amp;quot; is null">
      <![CDATA[java.lang.NullPointerException: Cannot invoke "org.openqa.selenium.WebDriver.manage()" because "this.driver" is null
at TestNGPkg.TestNGTestOne.f0(TestNGTestOne.java:45)
at java.base/java.util.ArrayList.forEach(ArrayList.java:1511)
... Removed 27 stack frames]]>
    </failure>
  </testcase> <!-- f0 -->
</testsuite> <!-- MyTest -->
